<?xml version="1.0" encoding="UTF-8"?>
<testsuite name="com.devexperts.AccountServiceTest" tests="1" skipped="0" failures="0" errors="0" timestamp="2022-04-03T07:56:40" hostname="MacBook-Pro-Yukhnovets.local" time="0.313">
  <properties/>
  <testcase name="testTransfer()" classname="com.devexperts.AccountServiceTest" time="0.313"/>
  <system-out><![CDATA[12:56:38.574 [Test worker] DEBUG org.springframework.test.context.BootstrapUtils - Instantiating CacheAwareContextLoaderDelegate from class [org.springframework.test.context.cache.DefaultCacheAwareContextLoaderDelegate]
12:56:38.581 [Test worker] DEBUG org.springframework.test.context.BootstrapUtils - Instantiating BootstrapContext using constructor [public org.springframework.test.context.support.DefaultBootstrapContext(java.lang.Class,org.springframework.test.context.CacheAwareContextLoaderDelegate)]
12:56:38.607 [Test worker] DEBUG org.springframework.test.context.BootstrapUtils - Instantiating TestContextBootstrapper for test class [com.devexperts.AccountServiceTest] from class [org.springframework.boot.test.context.SpringBootTestContextBootstrapper]
12:56:38.618 [Test worker] INFO org.springframework.boot.test.context.SpringBootTestContextBootstrapper - Neither @ContextConfiguration nor @ContextHierarchy found for test class [com.devexperts.AccountServiceTest], using SpringBootContextLoader
12:56:38.629 [Test worker] DEBUG org.springframework.test.context.support.AbstractContextLoader - Did not detect default resource location for test class [com.devexperts.AccountServiceTest]: class path resource [com/devexperts/AccountServiceTest-context.xml] does not exist
12:56:38.630 [Test worker] DEBUG org.springframework.test.context.support.AbstractContextLoader - Did not detect default resource location for test class [com.devexperts.AccountServiceTest]: class path resource [com/devexperts/AccountServiceTestContext.groovy] does not exist
12:56:38.630 [Test worker] INFO org.springframework.test.context.support.AbstractContextLoader - Could not detect default resource locations for test class [com.devexperts.AccountServiceTest]: no resource found for suffixes {-context.xml, Context.groovy}.
12:56:38.631 [Test worker] INFO org.springframework.test.context.support.AnnotationConfigContextLoaderUtils - Could not detect default configuration classes for test class [com.devexperts.AccountServiceTest]: AccountServiceTest does not declare any static, non-private, non-final, nested classes annotated with @Configuration.
12:56:38.666 [Test worker] DEBUG org.springframework.test.context.support.ActiveProfilesUtils - Could not find an 'annotation declaring class' for annotation type [org.springframework.test.context.ActiveProfiles] and class [com.devexperts.AccountServiceTest]
12:56:38.707 [Test worker] DEBUG org.springframework.context.annotation.ClassPathScanningCandidateComponentProvider - Identified candidate component class: file [/Users/yukhnovets/Desktop/devexperts-java-be-interview-20220401-Kabowyad-yan-yukhnovets/build/classes/java/main/com/devexperts/App.class]
12:56:38.707 [Test worker] INFO org.springframework.boot.test.context.SpringBootTestContextBootstrapper - Found @SpringBootConfiguration com.devexperts.App for test class com.devexperts.AccountServiceTest
12:56:38.779 [Test worker] DEBUG org.springframework.boot.test.context.SpringBootTestContextBootstrapper - @TestExecutionListeners is not present for class [com.devexperts.AccountServiceTest]: using defaults.
12:56:38.779 [Test worker] INFO org.springframework.boot.test.context.SpringBootTestContextBootstrapper - Loaded default TestExecutionListener class names from location [META-INF/spring.factories]: [org.springframework.boot.test.autoconfigure.restdocs.RestDocsTestExecutionListener, org.springframework.boot.test.autoconfigure.web.client.MockRestServiceServerResetTestExecutionListener, org.springframework.boot.test.autoconfigure.web.servlet.MockMvcPrintOnlyOnFailureTestExecutionListener, org.springframework.boot.test.autoconfigure.web.servlet.WebDriverTestExecutionListener, org.springframework.boot.test.autoconfigure.webservices.client.MockWebServiceServerTestExecutionListener, org.springframework.boot.test.mock.mockito.MockitoTestExecutionListener, org.springframework.boot.test.mock.mockito.ResetMocksTestExecutionListener, org.springframework.test.context.web.ServletTestExecutionListener, org.springframework.test.context.support.DirtiesContextBeforeModesTestExecutionListener, org.springframework.test.context.event.ApplicationEventsTestExecutionListener, org.springframework.test.context.support.DependencyInjectionTestExecutionListener, org.springframework.test.context.support.DirtiesContextTestExecutionListener, org.springframework.test.context.transaction.TransactionalTestExecutionListener, org.springframework.test.context.jdbc.SqlScriptsTestExecutionListener, org.springframework.test.context.event.EventPublishingTestExecutionListener]
12:56:38.789 [Test worker] DEBUG org.springframework.boot.test.context.SpringBootTestContextBootstrapper - Skipping candidate TestExecutionListener [org.springframework.test.context.transaction.TransactionalTestExecutionListener] due to a missing dependency. Specify custom listener classes or make the default listener classes and their required dependencies available. Offending class: [org.springframework.transaction.interceptor.TransactionAttributeSource]
12:56:38.790 [Test worker] DEBUG org.springframework.boot.test.context.SpringBootTestContextBootstrapper - Skipping candidate TestExecutionListener [org.springframework.test.context.jdbc.SqlScriptsTestExecutionListener] due to a missing dependency. Specify custom listener classes or make the default listener classes and their required dependencies available. Offending class: [org.springframework.transaction.interceptor.TransactionAttribute]
12:56:38.790 [Test worker] INFO org.springframework.boot.test.context.SpringBootTestContextBootstrapper - Using TestExecutionListeners: [org.springframework.test.context.web.ServletTestExecutionListener@663bd7cc, org.springframework.test.context.support.DirtiesContextBeforeModesTestExecutionListener@7456626f, org.springframework.test.context.event.ApplicationEventsTestExecutionListener@c4d72b64, org.springframework.boot.test.mock.mockito.MockitoTestExecutionListener@753a5c96, org.springframework.boot.test.autoconfigure.SpringBootDependencyInjectionTestExecutionListener@f8efb88f, org.springframework.test.context.support.DirtiesContextTestExecutionListener@84425374, org.springframework.test.context.event.EventPublishingTestExecutionListener@73f81712, org.springframework.boot.test.autoconfigure.restdocs.RestDocsTestExecutionListener@1be7a754, org.springframework.boot.test.autoconfigure.web.client.MockRestServiceServerResetTestExecutionListener@1ac552bf, org.springframework.boot.test.autoconfigure.web.servlet.MockMvcPrintOnlyOnFailureTestExecutionListener@58d36da3, org.springframework.boot.test.autoconfigure.web.servlet.WebDriverTestExecutionListener@21261a6f, org.springframework.boot.test.autoconfigure.webservices.client.MockWebServiceServerTestExecutionListener@4ac2f8d6, org.springframework.boot.test.mock.mockito.ResetMocksTestExecutionListener@694fc717]
12:56:38.792 [Test worker] DEBUG org.springframework.test.context.support.AbstractDirtiesContextTestExecutionListener - Before test class: context [DefaultTestContext@554f72e8 testClass = AccountServiceTest, testInstance = [null], testMethod = [null], testException = [null], mergedContextConfiguration = [WebMergedContextConfiguration@11ecc1c9 testClass = AccountServiceTest, locations = '{}', classes = '{class com.devexperts.App}', contextInitializerClasses = '[]', activeProfiles = '{}', propertySourceLocations = '{}', propertySourceProperties = '{org.springframework.boot.test.context.SpringBootTestContextBootstrapper=true}', contextCustomizers = set[org.springframework.boot.test.autoconfigure.actuate.metrics.MetricsExportContextCustomizerFactory$DisableMetricExportContextCustomizer@88c232b3, org.springframework.boot.test.autoconfigure.properties.PropertyMappingContextCustomizer@0, org.springframework.boot.test.autoconfigure.web.servlet.WebDriverContextCustomizerFactory$Customizer@583b7e7e, org.springframework.boot.test.context.filter.ExcludeFilterContextCustomizer@2c10a48c, org.springframework.boot.test.json.DuplicateJsonObjectContextCustomizerFactory$DuplicateJsonObjectContextCustomizer@f3298df9, org.springframework.boot.test.mock.mockito.MockitoContextCustomizer@0, org.springframework.boot.test.web.client.TestRestTemplateContextCustomizer@ad76fe32, org.springframework.boot.test.context.SpringBootTestArgs@1, org.springframework.boot.test.context.SpringBootTestWebEnvironment@31b2f59a], resourceBasePath = 'src/main/webapp', contextLoader = 'org.springframework.boot.test.context.SpringBootContextLoader', parent = [null]], attributes = map['org.springframework.test.context.web.ServletTestExecutionListener.activateListener' -> true]], class annotated with @DirtiesContext [false] with mode [null].

  .   ____          _            __ _ _
 /\\ / ___'_ __ _ _(_)_ __  __ _ \ \ \ \
( ( )\___ | '_ | '_| | '_ \/ _` | \ \ \ \
 \\/  ___)| |_)| | | | | || (_| |  ) ) ) )
  '  |____| .__|_| |_|_| |_\__, | / / / /
 =========|_|==============|___/=/_/_/_/
 :: Spring Boot ::                (v2.6.3)

2022-04-03 12:56:39.028  INFO 5800 --- [    Test worker] com.devexperts.AccountServiceTest        : Starting AccountServiceTest using Java 11.0.9 on MacBook-Pro-Yukhnovets.local with PID 5800 (started by yukhnovets in /Users/yukhnovets/Desktop/devexperts-java-be-interview-20220401-Kabowyad-yan-yukhnovets)
2022-04-03 12:56:39.030  INFO 5800 --- [    Test worker] com.devexperts.AccountServiceTest        : No active profile set, falling back to default profiles: default
2022-04-03 12:56:40.862  INFO 5800 --- [    Test worker] o.s.b.a.e.web.EndpointLinksResolver      : Exposing 1 endpoint(s) beneath base path '/actuator'
2022-04-03 12:56:40.916  INFO 5800 --- [    Test worker] com.devexperts.AccountServiceTest        : Started AccountServiceTest in 2.096 seconds (JVM running for 2.938)
]]></system-out>
  <system-err><![CDATA[]]></system-err>
</testsuite>
